2019-03-29 13:05:17.6908|DEBUG|ShoppingStore.Program|init main |url: |action: 
2019-03-29 13:05:53.0933|WARN|Microsoft.AspNetCore.Session.SessionMiddleware|Error unprotecting the session cookie. System.Security.Cryptography.CryptographicException: The payload was invalid.
   at Microsoft.AspNetCore.DataProtection.Managed.ManagedAuthenticatedEncryptor.Decrypt(ArraySegment`1 protectedPayload, ArraySegment`1 additionalAuthenticatedData)
   at Microsoft.AspNetCore.DataProtection.KeyManagement.KeyRingBasedDataProtector.UnprotectCore(Byte[] protectedData, Boolean allowOperationsOnRevokedKeys, UnprotectStatus& status)
   at Microsoft.AspNetCore.DataProtection.KeyManagement.KeyRingBasedDataProtector.DangerousUnprotect(Byte[] protectedData, Boolean ignoreRevocationErrors, Boolean& requiresMigration, Boolean& wasRevoked)
   at Microsoft.AspNetCore.DataProtection.KeyManagement.KeyRingBasedDataProtector.Unprotect(Byte[] protectedData)
   at Microsoft.AspNetCore.Session.CookieProtection.Unprotect(IDataProtector protector, String protectedText, ILogger logger)|url: https://localhost/|action: 
2019-03-29 13:06:02.7532|WARN|Microsoft.AspNetCore.Session.SessionMiddleware|Error unprotecting the session cookie. System.Security.Cryptography.CryptographicException: The payload was invalid.
   at Microsoft.AspNetCore.DataProtection.Managed.ManagedAuthenticatedEncryptor.Decrypt(ArraySegment`1 protectedPayload, ArraySegment`1 additionalAuthenticatedData)
   at Microsoft.AspNetCore.DataProtection.KeyManagement.KeyRingBasedDataProtector.UnprotectCore(Byte[] protectedData, Boolean allowOperationsOnRevokedKeys, UnprotectStatus& status)
   at Microsoft.AspNetCore.DataProtection.KeyManagement.KeyRingBasedDataProtector.DangerousUnprotect(Byte[] protectedData, Boolean ignoreRevocationErrors, Boolean& requiresMigration, Boolean& wasRevoked)
   at Microsoft.AspNetCore.DataProtection.KeyManagement.KeyRingBasedDataProtector.Unprotect(Byte[] protectedData)
   at Microsoft.AspNetCore.Session.CookieProtection.Unprotect(IDataProtector protector, String protectedText, ILogger logger)|url: https://localhost/category|action: 
2019-03-29 13:06:05.1872|WARN|Microsoft.AspNetCore.Session.SessionMiddleware|Error unprotecting the session cookie. System.Security.Cryptography.CryptographicException: The payload was invalid.
   at Microsoft.AspNetCore.DataProtection.Managed.ManagedAuthenticatedEncryptor.Decrypt(ArraySegment`1 protectedPayload, ArraySegment`1 additionalAuthenticatedData)
   at Microsoft.AspNetCore.DataProtection.KeyManagement.KeyRingBasedDataProtector.UnprotectCore(Byte[] protectedData, Boolean allowOperationsOnRevokedKeys, UnprotectStatus& status)
   at Microsoft.AspNetCore.DataProtection.KeyManagement.KeyRingBasedDataProtector.DangerousUnprotect(Byte[] protectedData, Boolean ignoreRevocationErrors, Boolean& requiresMigration, Boolean& wasRevoked)
   at Microsoft.AspNetCore.DataProtection.KeyManagement.KeyRingBasedDataProtector.Unprotect(Byte[] protectedData)
   at Microsoft.AspNetCore.Session.CookieProtection.Unprotect(IDataProtector protector, String protectedText, ILogger logger)|url: https://localhost/category|action: 
2019-03-29 13:06:07.2874|WARN|Microsoft.AspNetCore.Session.SessionMiddleware|Error unprotecting the session cookie. System.Security.Cryptography.CryptographicException: The payload was invalid.
   at Microsoft.AspNetCore.DataProtection.Managed.ManagedAuthenticatedEncryptor.Decrypt(ArraySegment`1 protectedPayload, ArraySegment`1 additionalAuthenticatedData)
   at Microsoft.AspNetCore.DataProtection.KeyManagement.KeyRingBasedDataProtector.UnprotectCore(Byte[] protectedData, Boolean allowOperationsOnRevokedKeys, UnprotectStatus& status)
   at Microsoft.AspNetCore.DataProtection.KeyManagement.KeyRingBasedDataProtector.DangerousUnprotect(Byte[] protectedData, Boolean ignoreRevocationErrors, Boolean& requiresMigration, Boolean& wasRevoked)
   at Microsoft.AspNetCore.DataProtection.KeyManagement.KeyRingBasedDataProtector.Unprotect(Byte[] protectedData)
   at Microsoft.AspNetCore.Session.CookieProtection.Unprotect(IDataProtector protector, String protectedText, ILogger logger)|url: https://localhost/category|action: 
2019-03-29 13:06:09.0952|WARN|Microsoft.AspNetCore.Session.SessionMiddleware|Error unprotecting the session cookie. System.Security.Cryptography.CryptographicException: The payload was invalid.
   at Microsoft.AspNetCore.DataProtection.Managed.ManagedAuthenticatedEncryptor.Decrypt(ArraySegment`1 protectedPayload, ArraySegment`1 additionalAuthenticatedData)
   at Microsoft.AspNetCore.DataProtection.KeyManagement.KeyRingBasedDataProtector.UnprotectCore(Byte[] protectedData, Boolean allowOperationsOnRevokedKeys, UnprotectStatus& status)
   at Microsoft.AspNetCore.DataProtection.KeyManagement.KeyRingBasedDataProtector.DangerousUnprotect(Byte[] protectedData, Boolean ignoreRevocationErrors, Boolean& requiresMigration, Boolean& wasRevoked)
   at Microsoft.AspNetCore.DataProtection.KeyManagement.KeyRingBasedDataProtector.Unprotect(Byte[] protectedData)
   at Microsoft.AspNetCore.Session.CookieProtection.Unprotect(IDataProtector protector, String protectedText, ILogger logger)|url: https://localhost/category|action: 
2019-03-29 13:07:15.7038|WARN|Microsoft.AspNetCore.Session.SessionMiddleware|Error unprotecting the session cookie. System.Security.Cryptography.CryptographicException: The payload was invalid.
   at Microsoft.AspNetCore.DataProtection.Managed.ManagedAuthenticatedEncryptor.Decrypt(ArraySegment`1 protectedPayload, ArraySegment`1 additionalAuthenticatedData)
   at Microsoft.AspNetCore.DataProtection.KeyManagement.KeyRingBasedDataProtector.UnprotectCore(Byte[] protectedData, Boolean allowOperationsOnRevokedKeys, UnprotectStatus& status)
   at Microsoft.AspNetCore.DataProtection.KeyManagement.KeyRingBasedDataProtector.DangerousUnprotect(Byte[] protectedData, Boolean ignoreRevocationErrors, Boolean& requiresMigration, Boolean& wasRevoked)
   at Microsoft.AspNetCore.DataProtection.KeyManagement.KeyRingBasedDataProtector.Unprotect(Byte[] protectedData)
   at Microsoft.AspNetCore.Session.CookieProtection.Unprotect(IDataProtector protector, String protectedText, ILogger logger)|url: https://localhost/item/11|action: 
2019-03-29 13:07:36.8129|WARN|Microsoft.AspNetCore.Session.SessionMiddleware|Error unprotecting the session cookie. System.Security.Cryptography.CryptographicException: The payload was invalid.
   at Microsoft.AspNetCore.DataProtection.Managed.ManagedAuthenticatedEncryptor.Decrypt(ArraySegment`1 protectedPayload, ArraySegment`1 additionalAuthenticatedData)
   at Microsoft.AspNetCore.DataProtection.KeyManagement.KeyRingBasedDataProtector.UnprotectCore(Byte[] protectedData, Boolean allowOperationsOnRevokedKeys, UnprotectStatus& status)
   at Microsoft.AspNetCore.DataProtection.KeyManagement.KeyRingBasedDataProtector.DangerousUnprotect(Byte[] protectedData, Boolean ignoreRevocationErrors, Boolean& requiresMigration, Boolean& wasRevoked)
   at Microsoft.AspNetCore.DataProtection.KeyManagement.KeyRingBasedDataProtector.Unprotect(Byte[] protectedData)
   at Microsoft.AspNetCore.Session.CookieProtection.Unprotect(IDataProtector protector, String protectedText, ILogger logger)|url: https://localhost/item/AddCart|action: 
2019-03-29 13:07:42.0984|WARN|Microsoft.AspNetCore.Session.SessionMiddleware|Error unprotecting the session cookie. System.Security.Cryptography.CryptographicException: The payload was invalid.
   at Microsoft.AspNetCore.DataProtection.Managed.ManagedAuthenticatedEncryptor.Decrypt(ArraySegment`1 protectedPayload, ArraySegment`1 additionalAuthenticatedData)
   at Microsoft.AspNetCore.DataProtection.KeyManagement.KeyRingBasedDataProtector.UnprotectCore(Byte[] protectedData, Boolean allowOperationsOnRevokedKeys, UnprotectStatus& status)
   at Microsoft.AspNetCore.DataProtection.KeyManagement.KeyRingBasedDataProtector.DangerousUnprotect(Byte[] protectedData, Boolean ignoreRevocationErrors, Boolean& requiresMigration, Boolean& wasRevoked)
   at Microsoft.AspNetCore.DataProtection.KeyManagement.KeyRingBasedDataProtector.Unprotect(Byte[] protectedData)
   at Microsoft.AspNetCore.Session.CookieProtection.Unprotect(IDataProtector protector, String protectedText, ILogger logger)|url: https://localhost/login|action: 
2019-03-29 13:07:49.7504|WARN|Microsoft.AspNetCore.Session.SessionMiddleware|Error unprotecting the session cookie. System.Security.Cryptography.CryptographicException: The payload was invalid.
   at Microsoft.AspNetCore.DataProtection.Managed.ManagedAuthenticatedEncryptor.Decrypt(ArraySegment`1 protectedPayload, ArraySegment`1 additionalAuthenticatedData)
   at Microsoft.AspNetCore.DataProtection.KeyManagement.KeyRingBasedDataProtector.UnprotectCore(Byte[] protectedData, Boolean allowOperationsOnRevokedKeys, UnprotectStatus& status)
   at Microsoft.AspNetCore.DataProtection.KeyManagement.KeyRingBasedDataProtector.DangerousUnprotect(Byte[] protectedData, Boolean ignoreRevocationErrors, Boolean& requiresMigration, Boolean& wasRevoked)
   at Microsoft.AspNetCore.DataProtection.KeyManagement.KeyRingBasedDataProtector.Unprotect(Byte[] protectedData)
   at Microsoft.AspNetCore.Session.CookieProtection.Unprotect(IDataProtector protector, String protectedText, ILogger logger)|url: https://localhost/login|action: 
2019-03-29 13:07:51.7920|INFO|ShoppingStore.Controllers.HomeController|User:abc login |url: https://localhost/login|action: Index
2019-03-29 13:08:02.0751|INFO|ShoppingStore.Controllers.HomeController|User:abc viewed cart |url: https://localhost/cart|action: Index
2019-03-29 13:13:11.2528|DEBUG|ShoppingStore.Program|init main |url: |action: 
2019-03-29 13:16:05.8785|INFO|ShoppingStore.Controllers.HomeController|User:abc login |url: https://localhost/login|action: Index
2019-03-29 13:16:08.7885|INFO|ShoppingStore.Controllers.HomeController|User:abc viewed cart |url: https://localhost/cart|action: Index
2019-03-29 13:16:50.0992|INFO|ShoppingStore.Controllers.HomeController|User:abc update item:1 with number:1 |url: https://localhost/item/UpdateCart|action: UpdateCart
2019-03-29 13:16:50.2540|INFO|ShoppingStore.Controllers.HomeController|User:abc viewed cart |url: https://localhost/cart|action: Index
2019-03-29 16:43:26.5041|DEBUG|ShoppingStore.Program|init main |url: |action: 
2019-03-29 16:44:34.0962|INFO|ShoppingStore.Controllers.HomeController|User:abc login |url: https://localhost/login|action: Index
2019-03-29 16:44:37.9362|INFO|ShoppingStore.Controllers.HomeController|User:abc viewed all items |url: https://localhost/category|action: Index
2019-03-29 16:44:40.5265|INFO|ShoppingStore.Controllers.HomeController|User:abc add item:1 with number:1 to cart |url: https://localhost/item/AddCart|action: AddCart
2019-03-29 16:44:43.7034|INFO|ShoppingStore.Controllers.HomeController|User:abc add item:3 with number:1 to cart |url: https://localhost/item/AddCart|action: AddCart
2019-03-29 16:44:46.0431|INFO|ShoppingStore.Controllers.HomeController|User:abc viewed item:2 Oracle Database Programming |url: https://localhost/item/2|action: Index
2019-03-29 16:44:51.5045|ERROR|ShoppingStore.Controllers.HomeController|User:abc add item:2 with number:7 failed:out of stock |url: https://localhost/item/AddCart|action: AddCart
2019-03-29 16:44:55.5802|INFO|ShoppingStore.Controllers.HomeController|User:abc add item:2 with number:3 to cart |url: https://localhost/item/AddCart|action: AddCart
2019-03-29 16:44:58.9558|INFO|ShoppingStore.Controllers.HomeController|User:abc viewed cart |url: https://localhost/cart|action: Index
2019-03-29 16:45:03.4063|INFO|ShoppingStore.Controllers.HomeController|User:abc update item:1 with number:3 |url: https://localhost/item/UpdateCart|action: UpdateCart
2019-03-29 16:45:03.5153|INFO|ShoppingStore.Controllers.HomeController|User:abc viewed cart |url: https://localhost/cart|action: Index
2019-03-29 16:45:06.0590|INFO|ShoppingStore.Controllers.HomeController|User:abc update item:1 with number:1 |url: https://localhost/item/UpdateCart|action: UpdateCart
2019-03-29 16:45:06.1863|INFO|ShoppingStore.Controllers.HomeController|User:abc viewed cart |url: https://localhost/cart|action: Index
2019-03-29 16:45:06.8830|INFO|ShoppingStore.Controllers.HomeController|User:abc delete item:1 from cart |url: https://localhost/item/UpdateCart|action: UpdateCart
2019-03-29 16:45:08.2479|INFO|ShoppingStore.Controllers.HomeController|User:abc viewed cart |url: https://localhost/cart|action: Index
2019-03-29 16:45:12.8641|INFO|ShoppingStore.Controllers.HomeController|User:abc checkout |url: https://localhost/Checkout|action: Index
2019-03-29 16:45:42.7861|ERROR|ShoppingStore.Controllers.HomeController|Verify order:{"OrderId":null,"Staus":null,"PlacedTime":"0001-01-01T00:00:00","Total":0.0,"OrderItems":null,"ShippingAddressId":0,"ShippingAddress":{"AddressId":0,"FirstName":"Feng","LastName":"Huang","Address1":"25 Chestnut Ave, Unit 3","Address2":"Unit 3","City":"Jamaica Plain","State":"Massachusetts","Zip":"02130","Phone":"8573031189","DefaultAddress":false},"PaymentId":0,"Payment":{"PaymentId":0,"NameOnCard":"feng","CardType":"Credit card","Issuer":null,"CardNumber":"1234123412341234","Expiration":"0121","CVV":"001","DefaultPayment":false,"BillingAddressId":0,"BillingAddress":null},"Tracking":null} failed |url: https://localhost/OrderDetail|action: Index
2019-03-29 16:45:42.8763|INFO|ShoppingStore.Controllers.HomeController|User:abc checkout |url: https://localhost/Checkout|action: Index
2019-03-29 16:46:12.0676|ERROR|ShoppingStore.Controllers.HomeController|Verify order:{"OrderId":null,"Staus":null,"PlacedTime":"0001-01-01T00:00:00","Total":0.0,"OrderItems":null,"ShippingAddressId":0,"ShippingAddress":{"AddressId":0,"FirstName":"Feng","LastName":"Huang","Address1":"25 Chestnut Ave, Unit 3","Address2":"Unit 3","City":"Jamaica Plain","State":"Massachusetts","Zip":"02130","Phone":"8573031189","DefaultAddress":false},"PaymentId":0,"Payment":{"PaymentId":0,"NameOnCard":"feng","CardType":"Credit card","Issuer":null,"CardNumber":"1234567812345678","Expiration":"0121","CVV":"112","DefaultPayment":false,"BillingAddressId":0,"BillingAddress":null},"Tracking":null} failed |url: https://localhost/OrderDetail|action: Index
2019-03-29 16:46:13.2720|INFO|ShoppingStore.Controllers.HomeController|User:abc checkout |url: https://localhost/Checkout|action: Index
2019-03-29 16:46:23.9751|INFO|ShoppingStore.Controllers.HomeController|User:abc viewed order list |url: https://localhost/OrderList|action: Index
2019-03-29 16:46:26.9221|INFO|ShoppingStore.Controllers.HomeController|User:abc viewed cart |url: https://localhost/cart|action: Index
2019-03-29 16:46:28.5362|INFO|ShoppingStore.Controllers.HomeController|User:abc delete item:2 from cart |url: https://localhost/item/UpdateCart|action: UpdateCart
2019-03-29 16:46:30.0393|INFO|ShoppingStore.Controllers.HomeController|User:abc viewed cart |url: https://localhost/cart|action: Index
2019-03-29 16:46:31.7666|INFO|ShoppingStore.Controllers.HomeController|User:abc checkout |url: https://localhost/Checkout|action: Index
2019-03-29 16:46:56.6951|ERROR|ShoppingStore.Controllers.HomeController|Verify order:{"OrderId":null,"Staus":null,"PlacedTime":"0001-01-01T00:00:00","Total":0.0,"OrderItems":null,"ShippingAddressId":0,"ShippingAddress":{"AddressId":0,"FirstName":"Feng","LastName":"Huang","Address1":"25 Chestnut Ave, Unit 3","Address2":"Unit 3","City":"Jamaica Plain","State":"Massachusetts","Zip":"02130","Phone":"8573031189","DefaultAddress":false},"PaymentId":0,"Payment":{"PaymentId":0,"NameOnCard":"huang","CardType":"Credit card","Issuer":null,"CardNumber":"1234123412341234","Expiration":"0121","CVV":"123","DefaultPayment":false,"BillingAddressId":0,"BillingAddress":{"AddressId":0,"FirstName":"Feng","LastName":"Huang","Address1":"25 Chestnut Ave","Address2":"Unit 3","City":"Jamaica Plain","State":"Massachusetts","Zip":"02130","Phone":null,"DefaultAddress":false}},"Tracking":null} failed |url: https://localhost/OrderDetail|action: Index
2019-03-29 16:46:56.8440|INFO|ShoppingStore.Controllers.HomeController|User:abc checkout |url: https://localhost/Checkout|action: Index
2019-03-29 16:47:05.8244|INFO|ShoppingStore.Controllers.HomeController|User:abc viewed order list |url: https://localhost/OrderList|action: Index
2019-03-29 17:28:05.4827|DEBUG|ShoppingStore.Program|init main |url: |action: 
2019-03-29 17:28:52.5354|INFO|ShoppingStore.Controllers.HomeController|User:abc login |url: https://localhost/login|action: Index
2019-03-29 17:28:54.3325|INFO|ShoppingStore.Controllers.HomeController|User:abc viewed cart |url: https://localhost/cart|action: Index
2019-03-29 17:28:55.6115|INFO|ShoppingStore.Controllers.HomeController|User:abc checkout |url: https://localhost/Checkout|action: Index
2019-03-29 17:29:00.6178|INFO|ShoppingStore.Controllers.HomeController|User:abc viewed order list |url: https://localhost/OrderList|action: Index
2019-03-29 17:29:02.9365|INFO|ShoppingStore.Controllers.HomeController|User:abc viewed cart |url: https://localhost/cart|action: Index
2019-03-29 17:29:06.0925|INFO|ShoppingStore.Controllers.HomeController|User:abc update item:3 with number:6 |url: https://localhost/item/UpdateCart|action: UpdateCart
2019-03-29 17:29:06.1810|INFO|ShoppingStore.Controllers.HomeController|User:abc viewed cart |url: https://localhost/cart|action: Index
2019-03-29 17:29:08.4734|ERROR|ShoppingStore.Controllers.HomeController|User:abc update item:3 with number:9 failed:out of stock |url: https://localhost/item/UpdateCart|action: UpdateCart
2019-03-29 17:29:09.3866|INFO|ShoppingStore.Controllers.HomeController|User:abc viewed cart |url: https://localhost/cart|action: Index
2019-03-29 17:29:12.1319|INFO|ShoppingStore.Controllers.HomeController|User:abc update item:3 with number:3 |url: https://localhost/item/UpdateCart|action: UpdateCart
2019-03-29 17:29:12.2384|INFO|ShoppingStore.Controllers.HomeController|User:abc viewed cart |url: https://localhost/cart|action: Index
2019-03-29 17:29:14.5021|INFO|ShoppingStore.Controllers.HomeController|User:abc checkout |url: https://localhost/Checkout|action: Index
2019-03-29 17:29:33.5922|ERROR|ShoppingStore.Controllers.HomeController|Verify order:{"OrderId":null,"Staus":null,"PlacedTime":"0001-01-01T00:00:00","Total":0.0,"OrderItems":null,"ShippingAddressId":0,"ShippingAddress":{"AddressId":0,"FirstName":"Feng","LastName":"Huang","Address1":"25 Chestnut Ave, Unit 3, Unit 3, Unit 3","Address2":"Unit 3","City":"Jamaica Plain","State":"Massachusetts","Zip":"02130","Phone":"8573031189","DefaultAddress":false},"PaymentId":0,"Payment":{"PaymentId":0,"NameOnCard":"feng","CardType":"Credit card","Issuer":null,"CardNumber":"1234567812345678","Expiration":"0320","CVV":"123","DefaultPayment":false,"BillingAddressId":0,"BillingAddress":null},"Tracking":null} failed |url: https://localhost/OrderDetail|action: Index
2019-03-29 17:29:33.7158|INFO|ShoppingStore.Controllers.HomeController|User:abc checkout |url: https://localhost/Checkout|action: Index
2019-03-29 17:31:33.1427|INFO|ShoppingStore.Controllers.HomeController|User:abc checkout |url: https://localhost/Checkout|action: Index
2019-03-29 17:32:01.8532|INFO|ShoppingStore.Controllers.HomeController|User:abc checkout |url: https://localhost/Checkout|action: Index
2019-03-29 17:32:49.5726|ERROR|ShoppingStore.Controllers.HomeController|Verify order:{"OrderId":null,"Staus":null,"PlacedTime":"0001-01-01T00:00:00","Total":0.0,"OrderItems":null,"ShippingAddressId":0,"ShippingAddress":{"AddressId":0,"FirstName":"Feng","LastName":"Huang","Address1":"25 Chestnut Ave, Unit 3, Unit 3, Unit 3","Address2":"Unit 3","City":"Jamaica Plain","State":"Massachusetts","Zip":"02130","Phone":"8573031189","DefaultAddress":false},"PaymentId":0,"Payment":{"PaymentId":0,"NameOnCard":"123","CardType":"Credit card","Issuer":null,"CardNumber":"1234123412341234","Expiration":"0420","CVV":"123","DefaultPayment":false,"BillingAddressId":0,"BillingAddress":null},"Tracking":null} failed |url: https://localhost/OrderDetail|action: Index
2019-03-29 17:32:49.6969|INFO|ShoppingStore.Controllers.HomeController|User:abc checkout |url: https://localhost/Checkout|action: Index
2019-03-29 17:33:15.0086|INFO|ShoppingStore.Controllers.HomeController|User:abc viewed cart |url: https://localhost/cart|action: Index
2019-03-29 17:33:16.6725|INFO|ShoppingStore.Controllers.HomeController|User:abc checkout |url: https://localhost/Checkout|action: Index
2019-03-29 17:35:47.3877|DEBUG|ShoppingStore.Program|init main |url: |action: 
2019-03-29 17:36:37.0951|INFO|ShoppingStore.Controllers.HomeController|User:abc login |url: https://localhost/login|action: Index
2019-03-29 17:36:41.6040|INFO|ShoppingStore.Controllers.HomeController|User:abc viewed cart |url: https://localhost/cart|action: Index
2019-03-29 17:38:36.9488|INFO|ShoppingStore.Controllers.HomeController|User:abc checkout |url: https://localhost/Checkout|action: Index
2019-03-29 17:39:06.1391|ERROR|ShoppingStore.Controllers.HomeController|Verify order:{"OrderId":null,"Staus":null,"PlacedTime":"0001-01-01T00:00:00","Total":0.0,"OrderItems":null,"ShippingAddressId":0,"ShippingAddress":{"AddressId":0,"FirstName":"Feng","LastName":"Huang","Address1":"25 Chestnut Ave, Unit 3, Unit 3, Unit 3, Unit 3","Address2":"Unit 3","City":"Jamaica Plain","State":"Massachusetts","Zip":"02130","Phone":"8573031189","DefaultAddress":false},"PaymentId":0,"Payment":{"PaymentId":0,"NameOnCard":"feng","CardType":"Credit card","Issuer":null,"CardNumber":"1234123412341234","Expiration":"0320","CVV":"123","DefaultPayment":false,"BillingAddressId":0,"BillingAddress":null},"Tracking":null} failed |url: https://localhost/OrderDetail|action: Index
2019-03-29 17:39:06.2463|INFO|ShoppingStore.Controllers.HomeController|User:abc checkout |url: https://localhost/Checkout|action: Index
2019-03-29 18:08:08.5869|DEBUG|ShoppingStore.Program|init main |url: |action: 
2019-03-29 18:09:52.2205|INFO|ShoppingStore.Controllers.HomeController|User:abc login |url: https://localhost/login|action: Index
2019-03-29 18:10:42.5452|INFO|ShoppingStore.Controllers.HomeController|User:abc viewed cart |url: https://localhost/cart|action: Index
2019-03-29 18:10:44.3005|INFO|ShoppingStore.Controllers.HomeController|User:abc checkout |url: https://localhost/Checkout|action: Index
2019-03-29 18:11:08.3694|INFO|ShoppingStore.Controllers.HomeController|User:abc viewed order list |url: https://localhost/OrderList|action: Index
2019-03-29 18:11:53.7732|INFO|ShoppingStore.Controllers.HomeController|User:abc checkout |url: https://localhost/Checkout|action: Index
2019-03-29 18:12:01.2878|INFO|ShoppingStore.Controllers.HomeController|User:abc checkout |url: https://localhost/Checkout|action: Index
2019-03-29 18:12:03.2170|INFO|ShoppingStore.Controllers.HomeController|User:abc viewed cart |url: https://localhost/cart|action: Index
2019-03-29 18:12:04.4359|INFO|ShoppingStore.Controllers.HomeController|User:abc checkout |url: https://localhost/Checkout|action: Index
2019-03-29 18:12:24.1644|INFO|ShoppingStore.Controllers.HomeController|User:abc viewed order list |url: https://localhost/OrderList|action: Index
2019-03-29 18:12:29.3237|INFO|ShoppingStore.Controllers.HomeController|User:abc checkout |url: https://localhost/Checkout|action: Index
2019-03-29 18:12:31.1408|INFO|ShoppingStore.Controllers.HomeController|User:abc viewed cart |url: https://localhost/cart|action: Index
2019-03-29 18:12:39.5042|INFO|ShoppingStore.Controllers.HomeController|User:abc checkout |url: https://localhost/Checkout|action: Index
2019-03-29 18:13:08.7473|ERROR|ShoppingStore.Controllers.HomeController|Verify order:{"OrderId":null,"Staus":null,"PlacedTime":"0001-01-01T00:00:00","Total":0.0,"OrderItems":null,"ShippingAddressId":0,"ShippingAddress":{"AddressId":0,"FirstName":"Feng","LastName":"Huang","Address1":"25 Chestnut Ave, Unit 3, Unit 3, Unit 3, Unit 3","Address2":"Unit 3","City":"Jamaica Plain","State":"Massachusetts","Zip":"02130","Phone":"8573031189","DefaultAddress":false},"PaymentId":0,"Payment":{"PaymentId":0,"NameOnCard":"huang","CardType":"Credit card","Issuer":null,"CardNumber":"1234123412341234","Expiration":"0219","CVV":"123","DefaultPayment":false,"BillingAddressId":0,"BillingAddress":null},"Tracking":null} failed: Invalid Expiration |url: https://localhost/OrderDetail|action: Index
2019-03-29 18:13:08.9491|INFO|ShoppingStore.Controllers.HomeController|User:abc checkout |url: https://localhost/Checkout|action: Index
2019-03-29 18:15:26.6013|DEBUG|ShoppingStore.Program|init main |url: |action: 
2019-03-29 18:16:23.5544|INFO|ShoppingStore.Controllers.HomeController|User:abc login |url: https://localhost/login|action: Index
2019-03-29 18:16:29.9939|INFO|ShoppingStore.Controllers.HomeController|User:abc viewed cart |url: https://localhost/cart|action: Index
2019-03-29 18:16:35.4726|INFO|ShoppingStore.Controllers.HomeController|User:abc update item:3 with number:1 |url: https://localhost/item/UpdateCart|action: UpdateCart
2019-03-29 18:16:35.5567|INFO|ShoppingStore.Controllers.HomeController|User:abc viewed cart |url: https://localhost/cart|action: Index
2019-03-29 18:16:36.7321|INFO|ShoppingStore.Controllers.HomeController|User:abc checkout |url: https://localhost/Checkout|action: Index
2019-03-29 18:16:58.4292|INFO|ShoppingStore.Controllers.HomeController|User:abcplaeced order:{"OrderId":"2019032910165805809395513","Staus":"Placed","PlacedTime":"2019-03-29T18:16:58.0580723-04:00","Total":14.95,"OrderItems":[{"ItemId":3,"Item":{"ItemId":3,"Category":"Publication","Type":"Book","Name":"System Analysis and Design With UML","Price":14.95,"Original":20.0,"Stock":5,"Image":"123.png","Seller":"Amazon","NewTag":false},"Number":1}],"ShippingAddressId":13,"ShippingAddress":{"AddressId":13,"FirstName":"Feng","LastName":"Huang","Address1":"25 Chestnut Ave, Unit 3, Unit 3, Unit 3, Unit 3","Address2":"Unit 3","City":"Jamaica Plain","State":"Massachusetts","Zip":"02130","Phone":"8573031189","DefaultAddress":false},"PaymentId":6,"Payment":{"PaymentId":6,"NameOnCard":"huang","CardType":"Credit card","Issuer":null,"CardNumber":"1234","Expiration":"0420","CVV":null,"DefaultPayment":false,"BillingAddressId":13,"BillingAddress":{"AddressId":13,"FirstName":"Feng","LastName":"Huang","Address1":"25 Chestnut Ave, Unit 3, Unit 3, Unit 3, Unit 3","Address2":"Unit 3","City":"Jamaica Plain","State":"Massachusetts","Zip":"02130","Phone":"8573031189","DefaultAddress":false}},"Tracking":null} |url: https://localhost/OrderDetail|action: Index
2019-03-29 18:17:02.3163|ERROR|ShoppingStore.Controllers.HomeController|User:abc checkout failed:BadRequest |url: https://localhost/Checkout|action: Index
2019-03-29 18:17:02.4148|INFO|ShoppingStore.Controllers.HomeController|User:abc viewed cart |url: https://localhost/Cart|action: Index
2019-03-29 18:17:07.6883|INFO|ShoppingStore.Controllers.HomeController|User:abc viewed order list |url: https://localhost/OrderList|action: Index
2019-03-29 18:17:11.9004|INFO|ShoppingStore.Controllers.HomeController|User:abc viewed order:2019032910165805809395513 |url: https://localhost/OrderDetail/2019032910165805809395513|action: Index
2019-03-29 18:17:19.4905|INFO|ShoppingStore.Controllers.HomeController|User:abc viewed cart |url: https://localhost/cart|action: Index
2019-03-29 18:17:21.9306|INFO|ShoppingStore.Controllers.HomeController|User:abc viewed all items |url: https://localhost/category|action: Index
2019-03-29 18:17:23.4464|INFO|ShoppingStore.Controllers.HomeController|User:abc add item:1 with number:1 to cart |url: https://localhost/item/AddCart|action: AddCart
2019-03-29 18:17:25.7082|INFO|ShoppingStore.Controllers.HomeController|User:abc viewed item:1 Java Servlet Programming |url: https://localhost/item/1|action: Index
2019-03-29 18:17:27.3853|INFO|ShoppingStore.Controllers.HomeController|User:abc viewed all items |url: https://localhost/category|action: Index
2019-03-29 18:17:28.3067|INFO|ShoppingStore.Controllers.HomeController|User:abc viewed item:2 Oracle Database Programming |url: https://localhost/item/2|action: Index
2019-03-29 18:17:30.7182|INFO|ShoppingStore.Controllers.HomeController|User:abc add item:2 with number:1 to cart |url: https://localhost/item/AddCart|action: AddCart
2019-03-29 18:17:33.1134|INFO|ShoppingStore.Controllers.HomeController|User:abc viewed order list |url: https://localhost/OrderList|action: Index
2019-03-29 18:17:34.0291|INFO|ShoppingStore.Controllers.HomeController|User:abc viewed cart |url: https://localhost/cart|action: Index
2019-03-29 18:17:35.7075|INFO|ShoppingStore.Controllers.HomeController|User:abc delete item:1 from cart |url: https://localhost/item/UpdateCart|action: UpdateCart
2019-03-29 18:17:37.0862|INFO|ShoppingStore.Controllers.HomeController|User:abc viewed cart |url: https://localhost/cart|action: Index
2019-03-29 18:17:38.0734|INFO|ShoppingStore.Controllers.HomeController|User:abc checkout |url: https://localhost/Checkout|action: Index
2019-03-29 18:18:06.8655|INFO|ShoppingStore.Controllers.HomeController|User:abcplaeced order:{"OrderId":"2019032910180676287856528","Staus":"Placed","PlacedTime":"2019-03-29T18:18:06.7628698-04:00","Total":48.95,"OrderItems":[{"ItemId":2,"Item":{"ItemId":2,"Category":"Publication","Type":"Book","Name":"Oracle Database Programming","Price":48.95,"Original":60.0,"Stock":5,"Image":"122.png","Seller":"Amazon","NewTag":true},"Number":1}],"ShippingAddressId":14,"ShippingAddress":{"AddressId":14,"FirstName":"Feng","LastName":"Huang","Address1":"25 Chestnut Ave, Unit 3, Unit 3, Unit 3, Unit 3","Address2":"Unit 3","City":"Jamaica Plain","State":"Massachusetts","Zip":"02130","Phone":"8573031189","DefaultAddress":false},"PaymentId":7,"Payment":{"PaymentId":7,"NameOnCard":"feng","CardType":"Credit card","Issuer":null,"CardNumber":"1234","Expiration":"0220","CVV":null,"DefaultPayment":false,"BillingAddressId":14,"BillingAddress":{"AddressId":14,"FirstName":"Feng","LastName":"Huang","Address1":"25 Chestnut Ave, Unit 3, Unit 3, Unit 3, Unit 3","Address2":"Unit 3","City":"Jamaica Plain","State":"Massachusetts","Zip":"02130","Phone":"8573031189","DefaultAddress":false}},"Tracking":null} |url: https://localhost/OrderDetail|action: Index
2019-03-29 18:18:24.4640|ERROR|ShoppingStore.Controllers.HomeController|User:abc checkout failed:BadRequest |url: https://localhost/Checkout|action: Index
2019-03-29 18:18:24.6381|INFO|ShoppingStore.Controllers.HomeController|User:abc viewed cart |url: https://localhost/Cart|action: Index
2019-03-29 18:18:26.9570|INFO|ShoppingStore.Controllers.HomeController|User:abc viewed cart |url: https://localhost/cart|action: Index
2019-03-29 18:18:28.5499|INFO|ShoppingStore.Controllers.HomeController|User:abc viewed order list |url: https://localhost/OrderList|action: Index
2019-03-29 18:18:33.0288|INFO|ShoppingStore.Controllers.HomeController|User:abc viewed order:2019032910165805809395513 |url: https://localhost/OrderDetail/2019032910165805809395513|action: Index
2019-03-29 18:18:34.3906|INFO|ShoppingStore.Controllers.HomeController|User:abc viewed order list |url: https://localhost/OrderList|action: Index
2019-03-29 18:18:35.2095|INFO|ShoppingStore.Controllers.HomeController|User:abc viewed order:2019032910180676287856528 |url: https://localhost/OrderDetail/2019032910180676287856528|action: Index
2019-03-29 18:18:36.6584|INFO|ShoppingStore.Controllers.HomeController|User:abc viewed order list |url: https://localhost/OrderList|action: Index
2019-03-29 18:18:38.0618|INFO|ShoppingStore.Controllers.HomeController|User:abc viewed order:2019030306584116955566233 |url: https://localhost/OrderDetail/2019030306584116955566233|action: Index
2019-03-29 18:18:42.5377|INFO|ShoppingStore.Controllers.HomeController|User:abc viewed order list |url: https://localhost/OrderList|action: Index
2019-03-29 18:18:43.4995|INFO|ShoppingStore.Controllers.HomeController|User:abc viewed order:2019022702562974928182353 |url: https://localhost/OrderDetail/2019022702562974928182353|action: Index
2019-03-29 18:18:47.4227|INFO|ShoppingStore.Controllers.HomeController|User:abc viewed order list |url: https://localhost/OrderList|action: Index
2019-03-29 18:18:50.0977|INFO|ShoppingStore.Controllers.HomeController|User:abc viewed cart |url: https://localhost/cart|action: Index
2019-03-29 18:18:50.3699|INFO|ShoppingStore.Controllers.HomeController|User:abc viewed cart |url: https://localhost/cart|action: Index
2019-03-29 18:18:52.1435|INFO|ShoppingStore.Controllers.HomeController|User:abc viewed order list |url: https://localhost/OrderList|action: Index
2019-03-29 18:19:54.9827|INFO|ShoppingStore.Controllers.HomeController|User:abc viewed cart |url: https://localhost/cart|action: Index
2019-03-29 18:19:58.3525|INFO|ShoppingStore.Controllers.HomeController|User:abc viewed all items |url: https://localhost/category|action: Index
2019-03-29 18:20:00.0178|INFO|ShoppingStore.Controllers.HomeController|User:abc add item:2 with number:1 to cart |url: https://localhost/item/AddCart|action: AddCart
2019-03-29 18:20:02.4318|INFO|ShoppingStore.Controllers.HomeController|User:abc viewed item:2 Oracle Database Programming |url: https://localhost/item/2|action: Index
2019-03-29 18:20:07.0695|INFO|ShoppingStore.Controllers.HomeController|User:abc viewed cart |url: https://localhost/cart|action: Index
2019-03-29 18:20:08.1222|INFO|ShoppingStore.Controllers.HomeController|User:abc checkout |url: https://localhost/Checkout|action: Index
2019-03-29 18:21:40.3102|DEBUG|ShoppingStore.Program|init main |url: |action: 
2019-03-29 18:22:40.7853|INFO|ShoppingStore.Controllers.HomeController|User:abc login |url: https://localhost/login|action: Index
2019-03-29 18:22:43.8860|INFO|ShoppingStore.Controllers.HomeController|User:abc viewed cart |url: https://localhost/cart|action: Index
2019-03-29 18:22:45.8647|INFO|ShoppingStore.Controllers.HomeController|User:abc checkout |url: https://localhost/Checkout|action: Index
2019-03-29 18:23:04.9757|ERROR|Microsoft.AspNetCore.Diagnostics.DeveloperExceptionPageMiddleware|An unhandled exception has occurred while executing the request. System.NullReferenceException: Object reference not set to an instance of an object.
   at AspNetCore.Views_OrderDetail_Index.ExecuteAsync() in /Users/BumbleBee/Documents/csye/Info6250/Assignment6/ShoppingStore/Views/OrderDetail/Index.cshtml:line 91
   at Microsoft.AspNetCore.Mvc.Razor.RazorView.RenderPageCoreAsync(IRazorPage page, ViewContext context)
   at Microsoft.AspNetCore.Mvc.Razor.RazorView.RenderPageAsync(IRazorPage page, ViewContext context, Boolean invokeViewStarts)
   at Microsoft.AspNetCore.Mvc.Razor.RazorView.RenderAsync(ViewContext context)
   at Microsoft.AspNetCore.Mvc.ViewFeatures.ViewExecutor.ExecuteAsync(ViewContext viewContext, String contentType, Nullable`1 statusCode)
   at Microsoft.AspNetCore.Mvc.ViewFeatures.ViewExecutor.ExecuteAsync(ActionContext actionContext, IView view, ViewDataDictionary viewData, ITempDataDictionary tempData, String contentType, Nullable`1 statusCode)
   at Microsoft.AspNetCore.Mvc.ViewFeatures.ViewResultExecutor.ExecuteAsync(ActionContext context, ViewResult result)
   at Microsoft.AspNetCore.Mvc.ViewResult.ExecuteResultAsync(ActionContext context)
   at Microsoft.AspNetCore.Mvc.Internal.ResourceInvoker.InvokeResultAsync(IActionResult result)
   at Microsoft.AspNetCore.Mvc.Internal.ResourceInvoker.InvokeNextResultFilterAsync[TFilter,TFilterAsync]()
   at Microsoft.AspNetCore.Mvc.Internal.ResourceInvoker.Rethrow(ResultExecutedContext context)
   at Microsoft.AspNetCore.Mvc.Internal.ResourceInvoker.ResultNext[TFilter,TFilterAsync](State& next, Scope& scope, Object& state, Boolean& isCompleted)
   at Microsoft.AspNetCore.Mvc.Internal.ResourceInvoker.InvokeResultFilters()
   at Microsoft.AspNetCore.Mvc.Internal.ResourceInvoker.InvokeNextResourceFilter()
   at Microsoft.AspNetCore.Mvc.Internal.ResourceInvoker.Rethrow(ResourceExecutedContext context)
   at Microsoft.AspNetCore.Mvc.Internal.ResourceInvoker.Next(State& next, Scope& scope, Object& state, Boolean& isCompleted)
   at Microsoft.AspNetCore.Mvc.Internal.ResourceInvoker.InvokeFilterPipelineAsync()
   at Microsoft.AspNetCore.Mvc.Internal.ResourceInvoker.InvokeAsync()
   at Microsoft.AspNetCore.Routing.EndpointMiddleware.Invoke(HttpContext httpContext)
   at Microsoft.AspNetCore.Routing.EndpointRoutingMiddleware.Invoke(HttpContext httpContext)
   at Microsoft.AspNetCore.Session.SessionMiddleware.Invoke(HttpContext context)
   at Microsoft.AspNetCore.Session.SessionMiddleware.Invoke(HttpContext context)
   at Microsoft.AspNetCore.StaticFiles.StaticFileMiddleware.Invoke(HttpContext context)
   at Microsoft.AspNetCore.Diagnostics.DeveloperExceptionPageMiddleware.Invoke(HttpContext context)|url: https://localhost/OrderDetail|action: Index
2019-03-29 18:25:19.4650|DEBUG|ShoppingStore.Program|init main |url: |action: 
2019-03-29 18:26:15.6562|INFO|ShoppingStore.Controllers.HomeController|User:abc login |url: https://localhost/login|action: Index
2019-03-29 18:26:28.0262|INFO|ShoppingStore.Controllers.HomeController|User:abc viewed cart |url: https://localhost/cart|action: Index
2019-03-29 18:26:29.6338|INFO|ShoppingStore.Controllers.HomeController|User:abc checkout |url: https://localhost/Checkout|action: Index
2019-03-29 18:27:31.8460|INFO|ShoppingStore.Controllers.HomeController|User:abc checkout |url: https://localhost/Checkout|action: Index
2019-03-29 18:35:27.4528|DEBUG|ShoppingStore.Program|init main |url: |action: 
2019-03-29 18:36:19.6265|INFO|ShoppingStore.Controllers.HomeController|User:abc login |url: https://localhost/login|action: Index
2019-03-29 18:36:21.9156|INFO|ShoppingStore.Controllers.HomeController|User:abc viewed cart |url: https://localhost/cart|action: Index
2019-03-29 18:36:23.3151|INFO|ShoppingStore.Controllers.HomeController|User:abc viewed order list |url: https://localhost/OrderList|action: Index
2019-03-29 18:36:35.6310|INFO|ShoppingStore.Controllers.HomeController|User:abc viewed order:2019032910180676287856528 |url: https://localhost/OrderDetail/2019032910180676287856528|action: Index
2019-03-29 18:36:40.5752|INFO|ShoppingStore.Controllers.HomeController|User:abc viewed order list |url: https://localhost/OrderList|action: Index
2019-03-29 18:36:41.5507|INFO|ShoppingStore.Controllers.HomeController|User:abc viewed order:2019032910165805809395513 |url: https://localhost/OrderDetail/2019032910165805809395513|action: Index
2019-03-29 18:36:51.8906|INFO|ShoppingStore.Controllers.HomeController|User:abc viewed all items |url: https://localhost/category|action: Index
2019-03-29 18:36:53.5395|INFO|ShoppingStore.Controllers.HomeController|User:abc viewed item:5 Java Web Services |url: https://localhost/item/5|action: Index
2019-03-29 18:36:54.7609|INFO|ShoppingStore.Controllers.HomeController|User:abc viewed all items |url: https://localhost/category|action: Index
2019-03-29 18:36:55.9458|INFO|ShoppingStore.Controllers.HomeController|User:abc viewed item:8 Justified by Justin Timberlake |url: https://localhost/item/8|action: Index
2019-03-29 18:36:58.3295|INFO|ShoppingStore.Controllers.HomeController|User:abc viewed order list |url: https://localhost/OrderList|action: Index
2019-03-29 18:37:01.4336|INFO|ShoppingStore.Controllers.HomeController|User:abc viewed all items |url: https://localhost/category|action: Index
2019-03-29 18:37:04.4296|INFO|ShoppingStore.Controllers.HomeController|User:abc viewed cart |url: https://localhost/cart|action: Index
2019-03-29 18:37:06.6345|INFO|ShoppingStore.Controllers.HomeController|User:abc delete item:2 from cart |url: https://localhost/item/UpdateCart|action: UpdateCart
2019-03-29 18:37:07.6743|INFO|ShoppingStore.Controllers.HomeController|User:abc viewed cart |url: https://localhost/cart|action: Index
2019-03-29 18:37:08.5751|INFO|ShoppingStore.Controllers.HomeController|User:abc viewed all items |url: https://localhost/category|action: Index
2019-03-29 18:37:09.8784|INFO|ShoppingStore.Controllers.HomeController|User:abc viewed item:14 Toshiba Satellite Laptop with Centrino 2 - Copper |url: https://localhost/item/14|action: Index
2019-03-29 18:37:11.4181|INFO|ShoppingStore.Controllers.HomeController|User:abc viewed all items |url: https://localhost/category|action: Index
2019-03-29 18:37:12.4136|INFO|ShoppingStore.Controllers.HomeController|User:abc viewed item:11 Apple MacBook Pro with 13.3\" Display |url: https://localhost/item/11|action: Index
2019-03-29 18:37:13.6482|INFO|ShoppingStore.Controllers.HomeController|User:abc viewed all items |url: https://localhost/category|action: Index
2019-03-29 18:37:15.3307|INFO|ShoppingStore.Controllers.HomeController|User:abc viewed item:5 Java Web Services |url: https://localhost/item/5|action: Index
2019-03-29 18:37:19.6146|INFO|ShoppingStore.Controllers.HomeController|User:abc add item:5 with number:1 to cart |url: https://localhost/item/AddCart|action: AddCart
2019-03-29 18:37:24.7809|INFO|ShoppingStore.Controllers.HomeController|User:abc viewed order list |url: https://localhost/OrderList|action: Index
2019-03-29 18:37:26.2879|INFO|ShoppingStore.Controllers.HomeController|User:abc viewed cart |url: https://localhost/cart|action: Index
2019-03-29 18:37:40.8690|INFO|ShoppingStore.Controllers.HomeController|User:abc checkout |url: https://localhost/Checkout|action: Index
2019-03-29 18:38:13.8943|INFO|ShoppingStore.Controllers.HomeController|User:abcplaeced order:{"OrderId":"2019032910381382857888958","Staus":"Placed","PlacedTime":"2019-03-29T14:38:13.8285612-04:00","Total":27.99,"OrderItems":[{"ItemId":5,"Item":{"ItemId":5,"Category":"Publication","Type":"Book","Name":"Java Web Services","Price":27.99,"Original":30.0,"Stock":10,"Image":"125.png","Seller":"Amazon","NewTag":false},"Number":1}],"ShippingAddressId":15,"ShippingAddress":{"AddressId":15,"FirstName":"Lily","LastName":"kolve","Address1":"ddss, dsd","Address2":"dsd","City":"bos","State":"ma","Zip":"09114","Phone":"4444331234","DefaultAddress":false},"PaymentId":8,"Payment":{"PaymentId":8,"NameOnCard":"tt","CardType":"Credit card","Issuer":null,"CardNumber":"8765","Expiration":"0220","CVV":null,"DefaultPayment":false,"BillingAddressId":15,"BillingAddress":{"AddressId":15,"FirstName":"Lily","LastName":"kolve","Address1":"ddss, dsd","Address2":"dsd","City":"bos","State":"ma","Zip":"09114","Phone":"4444331234","DefaultAddress":false}},"Tracking":null} |url: https://localhost/OrderDetail|action: Index
2019-03-29 18:38:22.2429|INFO|ShoppingStore.Controllers.HomeController|User:abc viewed all items |url: https://localhost/category|action: Index
2019-03-29 18:42:31.2263|INFO|ShoppingStore.Controllers.HomeController|User:abc viewed item:5 Java Web Services |url: https://localhost/item/5|action: Index
2019-03-29 18:42:34.6574|INFO|ShoppingStore.Controllers.HomeController|User:abc add item:5 with number:1 to cart |url: https://localhost/item/AddCart|action: AddCart
2019-03-29 18:42:37.5728|INFO|ShoppingStore.Controllers.HomeController|User:abc viewed cart |url: https://localhost/cart|action: Index
2019-03-29 18:42:38.8078|INFO|ShoppingStore.Controllers.HomeController|User:abc checkout |url: https://localhost/Checkout|action: Index
2019-03-29 18:43:20.5522|INFO|ShoppingStore.Controllers.HomeController|User:abcplaeced order:{"OrderId":"2019032910432046017428232","Staus":"Placed","PlacedTime":"2019-03-29T14:43:20.4601653-04:00","Total":27.99,"OrderItems":[{"ItemId":5,"Item":{"ItemId":5,"Category":"Publication","Type":"Book","Name":"Java Web Services","Price":27.99,"Original":30.0,"Stock":9,"Image":"125.png","Seller":"Amazon","NewTag":false},"Number":1}],"ShippingAddressId":16,"ShippingAddress":{"AddressId":16,"FirstName":"Lily","LastName":"kolve","Address1":"ddss, dsd","Address2":"dsd","City":"bos","State":"ma","Zip":"09114","Phone":"4444331234","DefaultAddress":false},"PaymentId":9,"Payment":{"PaymentId":9,"NameOnCard":"fe","CardType":"Credit card","Issuer":null,"CardNumber":"5678","Expiration":"0120","CVV":null,"DefaultPayment":false,"BillingAddressId":16,"BillingAddress":{"AddressId":16,"FirstName":"Lily","LastName":"kolve","Address1":"ddss, dsd","Address2":"dsd","City":"bos","State":"ma","Zip":"09114","Phone":"4444331234","DefaultAddress":false}},"Tracking":null} |url: https://localhost/OrderDetail|action: Index
2019-03-29 18:44:19.3957|INFO|ShoppingStore.Controllers.HomeController|User:abc viewed all items |url: https://localhost/category|action: Index
2019-03-29 18:44:21.2490|INFO|ShoppingStore.Controllers.HomeController|User:abc viewed order list |url: https://localhost/OrderList|action: Index
2019-03-29 18:44:25.0060|INFO|ShoppingStore.Controllers.HomeController|User:abc viewed order:2019032910432046017428232 |url: https://localhost/OrderDetail/2019032910432046017428232|action: Index
2019-03-29 19:06:25.4179|INFO|ShoppingStore.Controllers.HomeController|User:abc viewed all items |url: https://localhost/category|action: Index
2019-03-29 19:51:53.8001|DEBUG|ShoppingStore.Program|init main |url: |action: 
2019-03-29 19:53:05.8337|INFO|ShoppingStore.Controllers.HomeController|User:abc login |url: https://localhost/login|action: Index
2019-03-29 19:53:10.7945|INFO|ShoppingStore.Controllers.HomeController|User:abc viewed order list |url: https://localhost/OrderList|action: Index
2019-03-29 19:53:22.9175|INFO|ShoppingStore.Controllers.HomeController|User:abc viewed cart |url: https://localhost/cart|action: Index
2019-03-29 19:53:24.9861|INFO|ShoppingStore.Controllers.HomeController|User:abc viewed all items |url: https://localhost/category|action: Index
2019-03-29 19:53:26.6382|INFO|ShoppingStore.Controllers.HomeController|User:abc viewed item:5 Java Web Services |url: https://localhost/item/5|action: Index
2019-03-29 19:53:27.8637|INFO|ShoppingStore.Controllers.HomeController|User:abc viewed all items |url: https://localhost/category|action: Index
2019-03-29 19:53:30.0056|INFO|ShoppingStore.Controllers.HomeController|User:abc viewed item:6 I'm Going to Tell You a Secret by Madonna |url: https://localhost/item/6|action: Index
2019-03-29 19:53:32.0117|INFO|ShoppingStore.Controllers.HomeController|User:abc viewed all items |url: https://localhost/category|action: Index
2019-03-29 19:53:32.7009|INFO|ShoppingStore.Controllers.HomeController|User:abc viewed item:4 Object Oriented Software Engineering |url: https://localhost/item/4|action: Index
2019-03-29 19:53:34.7289|INFO|ShoppingStore.Controllers.HomeController|User:abc add item:4 with number:1 to cart |url: https://localhost/item/AddCart|action: AddCart
2019-03-29 19:53:37.4754|INFO|ShoppingStore.Controllers.HomeController|User:abc viewed cart |url: https://localhost/cart|action: Index
2019-03-29 19:53:39.3622|INFO|ShoppingStore.Controllers.HomeController|User:abc checkout |url: https://localhost/Checkout|action: Index
2019-03-29 19:54:02.4981|INFO|ShoppingStore.Controllers.HomeController|User:abcplaeced order:{"OrderId":"2019032911540216094139419","Staus":"Placed","PlacedTime":"2019-03-29T19:54:02.1609413-04:00","Total":35.99,"OrderItems":[{"ItemId":4,"Item":{"ItemId":4,"Category":"Publication","Type":"Book","Name":"Object Oriented Software Engineering","Price":35.99,"Original":40.0,"Stock":16,"Image":"124.png","Seller":"Amazon","NewTag":false},"Number":1}],"ShippingAddressId":17,"ShippingAddress":{"AddressId":17,"FirstName":"Lily","LastName":"kolve","Address1":"ddss, dsd, dsd","Address2":"dsd","City":"bos","State":"ma","Zip":"09114","Phone":"4444331234","DefaultAddress":false},"PaymentId":10,"Payment":{"PaymentId":10,"NameOnCard":"huang","CardType":"Credit card","Issuer":null,"CardNumber":"0987","Expiration":"0120","CVV":null,"DefaultPayment":false,"BillingAddressId":18,"BillingAddress":{"AddressId":18,"FirstName":"yy","LastName":"tt","Address1":"288 Chestnut Ave","Address2":"dsds","City":"Jamai","State":"ny","Zip":"02130","Phone":null,"DefaultAddress":false}},"Tracking":null} |url: https://localhost/OrderDetail|action: Index
2019-03-29 19:54:25.5071|INFO|ShoppingStore.Controllers.HomeController|User:abc viewed order list |url: https://localhost/OrderList|action: Index
2019-03-29 19:54:28.0604|INFO|ShoppingStore.Controllers.HomeController|User:abc viewed order:2019032911540216094139419 |url: https://localhost/OrderDetail/2019032911540216094139419|action: Index
2019-03-29 21:08:03.9502|DEBUG|ShoppingStore.Program|init main |url: |action: 
